CRITICAL - 2025-09-13 09:17:06 --> ErrorException: Undefined variable $evenements
[Method: GET, Route: /]
in APPPATH\Views\accueil.php on line 100.
 1 APPPATH\Views\accueil.php(100): CodeIgniter\Debug\Exceptions->errorHandler(2, 'Undefined variable $evenements', 'C:\\xampp\\htdocs\\project-MVC\\app\\Views\\accueil.php', 100)
 2 SYSTEMPATH\View\View.php(226): include('C:\\xampp\\htdocs\\project-MVC\\app\\Views\\accueil.php')
 3 SYSTEMPATH\View\View.php(229): CodeIgniter\View\View->CodeIgniter\View\{closure}()
 4 SYSTEMPATH\Common.php(1167): CodeIgniter\View\View->render('accueil', [], true)
 5 APPPATH\Controllers\Home.php(11): view('accueil')
 6 SYSTEMPATH\CodeIgniter.php(933): App\Controllers\Home->accueil()
 7 SYSTEMPATH\CodeIgniter.php(507): CodeIgniter\CodeIgniter->runController(Object(App\Controllers\Home))
 8 SYSTEMPATH\CodeIgniter.php(354): CodeIgniter\CodeIgniter->handleRequest(null, Object(Config\Cache), false)
 9 SYSTEMPATH\Boot.php(363): CodeIgniter\CodeIgniter->run()
10 SYSTEMPATH\Boot.php(68): CodeIgniter\Boot::runCodeIgniter(Object(CodeIgniter\CodeIgniter))
11 FCPATH\index.php(59): CodeIgniter\Boot::bootWeb(Object(Config\Paths))
12 SYSTEMPATH\rewrite.php(44): require_once('C:\\xampp\\htdocs\\project-MVC\\public\\index.php')
CRITICAL - 2025-09-13 19:31:17 --> ArgumentCountError: Too few arguments to function App\Controllers\EvenementController::reserverEvenement(), 0 passed in C:\xampp\htdocs\project-MVC\system\CodeIgniter.php on line 933 and exactly 1 expected
[Method: POST, Route: reserverEvenement]
in APPPATH\Controllers\EvenementController.php on line 42.
 1 SYSTEMPATH\CodeIgniter.php(933): App\Controllers\EvenementController->reserverEvenement()
 2 SYSTEMPATH\CodeIgniter.php(507): CodeIgniter\CodeIgniter->runController(Object(App\Controllers\EvenementController))
 3 SYSTEMPATH\CodeIgniter.php(354): CodeIgniter\CodeIgniter->handleRequest(null, Object(Config\Cache), false)
 4 SYSTEMPATH\Boot.php(363): CodeIgniter\CodeIgniter->run()
 5 SYSTEMPATH\Boot.php(68): CodeIgniter\Boot::runCodeIgniter(Object(CodeIgniter\CodeIgniter))
 6 FCPATH\index.php(59): CodeIgniter\Boot::bootWeb(Object(Config\Paths))
 7 SYSTEMPATH\rewrite.php(44): require_once('C:\\xampp\\htdocs\\project-MVC\\public\\index.php')
CRITICAL - 2025-09-13 19:35:57 --> ArgumentCountError: Too few arguments to function App\Controllers\EvenementController::reserverEvenement(), 0 passed in C:\xampp\htdocs\project-MVC\system\CodeIgniter.php on line 933 and exactly 1 expected
[Method: POST, Route: reserverEvenement]
in APPPATH\Controllers\EvenementController.php on line 42.
 1 SYSTEMPATH\CodeIgniter.php(933): App\Controllers\EvenementController->reserverEvenement()
 2 SYSTEMPATH\CodeIgniter.php(507): CodeIgniter\CodeIgniter->runController(Object(App\Controllers\EvenementController))
 3 SYSTEMPATH\CodeIgniter.php(354): CodeIgniter\CodeIgniter->handleRequest(null, Object(Config\Cache), false)
 4 SYSTEMPATH\Boot.php(363): CodeIgniter\CodeIgniter->run()
 5 SYSTEMPATH\Boot.php(68): CodeIgniter\Boot::runCodeIgniter(Object(CodeIgniter\CodeIgniter))
 6 FCPATH\index.php(59): CodeIgniter\Boot::bootWeb(Object(Config\Paths))
 7 SYSTEMPATH\rewrite.php(44): require_once('C:\\xampp\\htdocs\\project-MVC\\public\\index.php')
ERROR - 2025-09-13 19:51:37 --> mysqli_sql_exception: Unknown column 'id_evenement' in 'field list' in C:\xampp\htdocs\project-MVC\system\Database\MySQLi\Connection.php:327
Stack trace:
#0 C:\xampp\htdocs\project-MVC\system\Database\MySQLi\Connection.php(327): mysqli->query('INSERT INTO `re...', 0)
#1 C:\xampp\htdocs\project-MVC\system\Database\BaseConnection.php(729): CodeIgniter\Database\MySQLi\Connection->execute('INSERT INTO `re...')
#2 C:\xampp\htdocs\project-MVC\system\Database\BaseConnection.php(646): CodeIgniter\Database\BaseConnection->simpleQuery('INSERT INTO `re...')
#3 C:\xampp\htdocs\project-MVC\system\Database\BaseBuilder.php(2345): CodeIgniter\Database\BaseConnection->query('INSERT INTO `re...', Array, false)
#4 C:\xampp\htdocs\project-MVC\system\Model.php(394): CodeIgniter\Database\BaseBuilder->insert()
#5 C:\xampp\htdocs\project-MVC\system\BaseModel.php(838): CodeIgniter\Model->doInsert(Array)
#6 C:\xampp\htdocs\project-MVC\system\Model.php(797): CodeIgniter\BaseModel->insert(Array, true)
#7 C:\xampp\htdocs\project-MVC\app\Models\ReservationModel.php(28): CodeIgniter\Model->insert(Array)
#8 C:\xampp\htdocs\project-MVC\app\Controllers\ReservationController.php(29): App\Models\ReservationModel->ajouterReservation(Array)
#9 C:\xampp\htdocs\project-MVC\system\CodeIgniter.php(933): App\Controllers\ReservationController->createReservation()
#10 C:\xampp\htdocs\project-MVC\system\CodeIgniter.php(507): CodeIgniter\CodeIgniter->runController(Object(App\Controllers\ReservationController))
#11 C:\xampp\htdocs\project-MVC\system\CodeIgniter.php(354): CodeIgniter\CodeIgniter->handleRequest(NULL, Object(Config\Cache), false)
#12 C:\xampp\htdocs\project-MVC\system\Boot.php(363): CodeIgniter\CodeIgniter->run()
#13 C:\xampp\htdocs\project-MVC\system\Boot.php(68): CodeIgniter\Boot::runCodeIgniter(Object(CodeIgniter\CodeIgniter))
#14 C:\xampp\htdocs\project-MVC\public\index.php(59): CodeIgniter\Boot::bootWeb(Object(Config\Paths))
#15 C:\xampp\htdocs\project-MVC\system\rewrite.php(44): require_once('C:\\xampp\\htdocs...')
#16 {main}
CRITICAL - 2025-09-13 19:51:37 --> CodeIgniter\Database\Exceptions\DatabaseException: Unknown column 'id_evenement' in 'field list'
[Method: POST, Route: create-reservation]
in SYSTEMPATH\Database\BaseConnection.php on line 684.
 1 SYSTEMPATH\Database\BaseBuilder.php(2345): CodeIgniter\Database\BaseConnection->query('INSERT INTO `reservations` (`nom_client`, `prenom_client`, `email`, `telephone`, `date_reservation`, `nombre_personnes`, `id_evenement`) VALUES (:nom_client:, :prenom_client:, :email:, :telephone:, :date_reservation:, :nombre_personnes:, :id_evenement:)', [...], false)
 2 SYSTEMPATH\Model.php(394): CodeIgniter\Database\BaseBuilder->insert()
 3 SYSTEMPATH\BaseModel.php(838): CodeIgniter\Model->doInsert([...])
 4 SYSTEMPATH\Model.php(797): CodeIgniter\BaseModel->insert([...], true)
 5 APPPATH\Models\ReservationModel.php(28): CodeIgniter\Model->insert([...])
 6 APPPATH\Controllers\ReservationController.php(29): App\Models\ReservationModel->ajouterReservation([...])
 7 SYSTEMPATH\CodeIgniter.php(933): App\Controllers\ReservationController->createReservation()
 8 SYSTEMPATH\CodeIgniter.php(507): CodeIgniter\CodeIgniter->runController(Object(App\Controllers\ReservationController))
 9 SYSTEMPATH\CodeIgniter.php(354): CodeIgniter\CodeIgniter->handleRequest(null, Object(Config\Cache), false)
10 SYSTEMPATH\Boot.php(363): CodeIgniter\CodeIgniter->run()
11 SYSTEMPATH\Boot.php(68): CodeIgniter\Boot::runCodeIgniter(Object(CodeIgniter\CodeIgniter))
12 FCPATH\index.php(59): CodeIgniter\Boot::bootWeb(Object(Config\Paths))
13 SYSTEMPATH\rewrite.php(44): require_once('C:\\xampp\\htdocs\\project-MVC\\public\\index.php')
CRITICAL - 2025-09-13 19:51:37 --> [Caused by] CodeIgniter\Database\Exceptions\DatabaseException: Unknown column 'id_evenement' in 'field list'
in SYSTEMPATH\Database\MySQLi\Connection.php on line 332.
 1 SYSTEMPATH\Database\BaseConnection.php(729): CodeIgniter\Database\MySQLi\Connection->execute('INSERT INTO `reservations` (`nom_client`, `prenom_client`, `email`, `telephone`, `date_reservation`, `nombre_personnes`, `id_evenement`) VALUES (\'RAMAHAFENOSOA\', \'Fiderana\', \'fiderananyavoramahafenosoa@gmail.com\', \'0328395341\', \'2025-09-13 19:51:37\', \'3\', \'12\')')
 2 SYSTEMPATH\Database\BaseConnection.php(646): CodeIgniter\Database\BaseConnection->simpleQuery('INSERT INTO `reservations` (`nom_client`, `prenom_client`, `email`, `telephone`, `date_reservation`, `nombre_personnes`, `id_evenement`) VALUES (\'RAMAHAFENOSOA\', \'Fiderana\', \'fiderananyavoramahafenosoa@gmail.com\', \'0328395341\', \'2025-09-13 19:51:37\', \'3\', \'12\')')
 3 SYSTEMPATH\Database\BaseBuilder.php(2345): CodeIgniter\Database\BaseConnection->query('INSERT INTO `reservations` (`nom_client`, `prenom_client`, `email`, `telephone`, `date_reservation`, `nombre_personnes`, `id_evenement`) VALUES (:nom_client:, :prenom_client:, :email:, :telephone:, :date_reservation:, :nombre_personnes:, :id_evenement:)', [...], false)
 4 SYSTEMPATH\Model.php(394): CodeIgniter\Database\BaseBuilder->insert()
 5 SYSTEMPATH\BaseModel.php(838): CodeIgniter\Model->doInsert([...])
 6 SYSTEMPATH\Model.php(797): CodeIgniter\BaseModel->insert([...], true)
 7 APPPATH\Models\ReservationModel.php(28): CodeIgniter\Model->insert([...])
 8 APPPATH\Controllers\ReservationController.php(29): App\Models\ReservationModel->ajouterReservation([...])
 9 SYSTEMPATH\CodeIgniter.php(933): App\Controllers\ReservationController->createReservation()
10 SYSTEMPATH\CodeIgniter.php(507): CodeIgniter\CodeIgniter->runController(Object(App\Controllers\ReservationController))
11 SYSTEMPATH\CodeIgniter.php(354): CodeIgniter\CodeIgniter->handleRequest(null, Object(Config\Cache), false)
12 SYSTEMPATH\Boot.php(363): CodeIgniter\CodeIgniter->run()
13 SYSTEMPATH\Boot.php(68): CodeIgniter\Boot::runCodeIgniter(Object(CodeIgniter\CodeIgniter))
14 FCPATH\index.php(59): CodeIgniter\Boot::bootWeb(Object(Config\Paths))
15 SYSTEMPATH\rewrite.php(44): require_once('C:\\xampp\\htdocs\\project-MVC\\public\\index.php')
CRITICAL - 2025-09-13 19:51:37 --> [Caused by] mysqli_sql_exception: Unknown column 'id_evenement' in 'field list'
in SYSTEMPATH\Database\MySQLi\Connection.php on line 327.
 1 SYSTEMPATH\Database\MySQLi\Connection.php(327): mysqli->query('INSERT INTO `reservations` (`nom_client`, `prenom_client`, `email`, `telephone`, `date_reservation`, `nombre_personnes`, `id_evenement`) VALUES (\'RAMAHAFENOSOA\', \'Fiderana\', \'fiderananyavoramahafenosoa@gmail.com\', \'0328395341\', \'2025-09-13 19:51:37\', \'3\', \'12\')', 0)
 2 SYSTEMPATH\Database\BaseConnection.php(729): CodeIgniter\Database\MySQLi\Connection->execute('INSERT INTO `reservations` (`nom_client`, `prenom_client`, `email`, `telephone`, `date_reservation`, `nombre_personnes`, `id_evenement`) VALUES (\'RAMAHAFENOSOA\', \'Fiderana\', \'fiderananyavoramahafenosoa@gmail.com\', \'0328395341\', \'2025-09-13 19:51:37\', \'3\', \'12\')')
 3 SYSTEMPATH\Database\BaseConnection.php(646): CodeIgniter\Database\BaseConnection->simpleQuery('INSERT INTO `reservations` (`nom_client`, `prenom_client`, `email`, `telephone`, `date_reservation`, `nombre_personnes`, `id_evenement`) VALUES (\'RAMAHAFENOSOA\', \'Fiderana\', \'fiderananyavoramahafenosoa@gmail.com\', \'0328395341\', \'2025-09-13 19:51:37\', \'3\', \'12\')')
 4 SYSTEMPATH\Database\BaseBuilder.php(2345): CodeIgniter\Database\BaseConnection->query('INSERT INTO `reservations` (`nom_client`, `prenom_client`, `email`, `telephone`, `date_reservation`, `nombre_personnes`, `id_evenement`) VALUES (:nom_client:, :prenom_client:, :email:, :telephone:, :date_reservation:, :nombre_personnes:, :id_evenement:)', [...], false)
 5 SYSTEMPATH\Model.php(394): CodeIgniter\Database\BaseBuilder->insert()
 6 SYSTEMPATH\BaseModel.php(838): CodeIgniter\Model->doInsert([...])
 7 SYSTEMPATH\Model.php(797): CodeIgniter\BaseModel->insert([...], true)
 8 APPPATH\Models\ReservationModel.php(28): CodeIgniter\Model->insert([...])
 9 APPPATH\Controllers\ReservationController.php(29): App\Models\ReservationModel->ajouterReservation([...])
10 SYSTEMPATH\CodeIgniter.php(933): App\Controllers\ReservationController->createReservation()
11 SYSTEMPATH\CodeIgniter.php(507): CodeIgniter\CodeIgniter->runController(Object(App\Controllers\ReservationController))
12 SYSTEMPATH\CodeIgniter.php(354): CodeIgniter\CodeIgniter->handleRequest(null, Object(Config\Cache), false)
13 SYSTEMPATH\Boot.php(363): CodeIgniter\CodeIgniter->run()
14 SYSTEMPATH\Boot.php(68): CodeIgniter\Boot::runCodeIgniter(Object(CodeIgniter\CodeIgniter))
15 FCPATH\index.php(59): CodeIgniter\Boot::bootWeb(Object(Config\Paths))
16 SYSTEMPATH\rewrite.php(44): require_once('C:\\xampp\\htdocs\\project-MVC\\public\\index.php')
