CRITICAL - 2025-09-12 04:43:02 --> ErrorException: Undefined variable $evenements
[Method: GET, Route: evenements]
in APPPATH\Views\evenements.php on line 19.
 1 APPPATH\Views\evenements.php(19): CodeIgniter\Debug\Exceptions->errorHandler(2, 'Undefined variable $evenements', 'C:\\laragon\\www\\project-MVC\\app\\Views\\evenements.php', 19)
 2 SYSTEMPATH\View\View.php(226): include('C:\\laragon\\www\\project-MVC\\app\\Views\\evenements.php')
 3 SYSTEMPATH\View\View.php(229): CodeIgniter\View\View->CodeIgniter\View\{closure}()
 4 SYSTEMPATH\Common.php(1167): CodeIgniter\View\View->render('evenements', [], true)
 5 APPPATH\Controllers\Home.php(21): view('evenements')
 6 SYSTEMPATH\CodeIgniter.php(933): App\Controllers\Home->eveneme()
 7 SYSTEMPATH\CodeIgniter.php(507): CodeIgniter\CodeIgniter->runController(Object(App\Controllers\Home))
 8 SYSTEMPATH\CodeIgniter.php(354): CodeIgniter\CodeIgniter->handleRequest(null, Object(Config\Cache), false)
 9 SYSTEMPATH\Boot.php(363): CodeIgniter\CodeIgniter->run()
10 SYSTEMPATH\Boot.php(68): CodeIgniter\Boot::runCodeIgniter(Object(CodeIgniter\CodeIgniter))
11 FCPATH\index.php(59): CodeIgniter\Boot::bootWeb(Object(Config\Paths))
12 SYSTEMPATH\rewrite.php(44): require_once('C:\\laragon\\www\\project-MVC\\public\\index.php')
CRITICAL - 2025-09-12 04:51:54 --> ErrorException: Undefined variable $evenements
[Method: GET, Route: evenements]
in APPPATH\Views\evenements.php on line 19.
 1 APPPATH\Views\evenements.php(19): CodeIgniter\Debug\Exceptions->errorHandler(2, 'Undefined variable $evenements', 'C:\\laragon\\www\\project-MVC\\app\\Views\\evenements.php', 19)
 2 SYSTEMPATH\View\View.php(226): include('C:\\laragon\\www\\project-MVC\\app\\Views\\evenements.php')
 3 SYSTEMPATH\View\View.php(229): CodeIgniter\View\View->CodeIgniter\View\{closure}()
 4 SYSTEMPATH\Common.php(1167): CodeIgniter\View\View->render('evenements', [], true)
 5 APPPATH\Controllers\Home.php(21): view('evenements')
 6 SYSTEMPATH\CodeIgniter.php(933): App\Controllers\Home->eveneme()
 7 SYSTEMPATH\CodeIgniter.php(507): CodeIgniter\CodeIgniter->runController(Object(App\Controllers\Home))
 8 SYSTEMPATH\CodeIgniter.php(354): CodeIgniter\CodeIgniter->handleRequest(null, Object(Config\Cache), false)
 9 SYSTEMPATH\Boot.php(363): CodeIgniter\CodeIgniter->run()
10 SYSTEMPATH\Boot.php(68): CodeIgniter\Boot::runCodeIgniter(Object(CodeIgniter\CodeIgniter))
11 FCPATH\index.php(59): CodeIgniter\Boot::bootWeb(Object(Config\Paths))
12 SYSTEMPATH\rewrite.php(44): require_once('C:\\laragon\\www\\project-MVC\\public\\index.php')
CRITICAL - 2025-09-12 04:55:45 --> ErrorException: Undefined variable $evenements
[Method: GET, Route: evenements]
in APPPATH\Views\evenements.php on line 19.
 1 APPPATH\Views\evenements.php(19): CodeIgniter\Debug\Exceptions->errorHandler(2, 'Undefined variable $evenements', 'C:\\laragon\\www\\project-MVC\\app\\Views\\evenements.php', 19)
 2 SYSTEMPATH\View\View.php(226): include('C:\\laragon\\www\\project-MVC\\app\\Views\\evenements.php')
 3 SYSTEMPATH\View\View.php(229): CodeIgniter\View\View->CodeIgniter\View\{closure}()
 4 SYSTEMPATH\Common.php(1167): CodeIgniter\View\View->render('evenements', [], true)
 5 APPPATH\Controllers\Home.php(21): view('evenements')
 6 SYSTEMPATH\CodeIgniter.php(933): App\Controllers\Home->eveneme()
 7 SYSTEMPATH\CodeIgniter.php(507): CodeIgniter\CodeIgniter->runController(Object(App\Controllers\Home))
 8 SYSTEMPATH\CodeIgniter.php(354): CodeIgniter\CodeIgniter->handleRequest(null, Object(Config\Cache), false)
 9 SYSTEMPATH\Boot.php(363): CodeIgniter\CodeIgniter->run()
10 SYSTEMPATH\Boot.php(68): CodeIgniter\Boot::runCodeIgniter(Object(CodeIgniter\CodeIgniter))
11 FCPATH\index.php(59): CodeIgniter\Boot::bootWeb(Object(Config\Paths))
12 SYSTEMPATH\rewrite.php(44): require_once('C:\\laragon\\www\\project-MVC\\public\\index.php')
